C:\Users\cafe\Documents\Visual Studio 2010\Projects\openCVTemplate\openCVTemplate\x64\Debug\cl.command.1.tlog
C:\Users\cafe\Documents\Visual Studio 2010\Projects\openCVTemplate\openCVTemplate\x64\Debug\CL.read.1.tlog
C:\Users\cafe\Documents\Visual Studio 2010\Projects\openCVTemplate\openCVTemplate\x64\Debug\CL.write.1.tlog
C:\Users\cafe\Documents\Visual Studio 2010\Projects\openCVTemplate\openCVTemplate\x64\Debug\link.6168.read.1.tlog
C:\Users\cafe\Documents\Visual Studio 2010\Projects\openCVTemplate\openCVTemplate\x64\Debug\link.6168.write.1.tlog
C:\Users\cafe\Documents\Visual Studio 2010\Projects\openCVTemplate\openCVTemplate\x64\Debug\link.6168-cvtres.read.1.tlog
C:\Users\cafe\Documents\Visual Studio 2010\Projects\openCVTemplate\openCVTemplate\x64\Debug\link.6168-cvtres.write.1.tlog
C:\Users\cafe\Documents\Visual Studio 2010\Projects\openCVTemplate\openCVTemplate\x64\Debug\link.command.1.tlog
C:\Users\cafe\Documents\Visual Studio 2010\Projects\openCVTemplate\openCVTemplate\x64\Debug\link.read.1.tlog
C:\Users\cafe\Documents\Visual Studio 2010\Projects\openCVTemplate\openCVTemplate\x64\Debug\link.write.1.tlog
C:\Users\cafe\Documents\Visual Studio 2010\Projects\openCVTemplate\openCVTemplate\x64\Debug\link-cvtres.read.1.tlog
C:\Users\cafe\Documents\Visual Studio 2010\Projects\openCVTemplate\openCVTemplate\x64\Debug\link-cvtres.write.1.tlog
C:\Users\cafe\Documents\Visual Studio 2010\Projects\openCVTemplate\openCVTemplate\x64\Debug\mt.command.1.tlog
C:\Users\cafe\Documents\Visual Studio 2010\Projects\openCVTemplate\openCVTemplate\x64\Debug\mt.read.1.tlog
C:\Users\cafe\Documents\Visual Studio 2010\Projects\openCVTemplate\openCVTemplate\x64\Debug\mt.write.1.tlog
C:\USERS\CAFE\DOCUMENTS\VISUAL STUDIO 2010\PROJECTS\OPENCVTEMPLATE\OPENCVTEMPLATE\X64\DEBUG\OPENCVTEMPLATE.EXE.EMBED.MANIFEST
C:\USERS\CAFE\DOCUMENTS\VISUAL STUDIO 2010\PROJECTS\OPENCVTEMPLATE\OPENCVTEMPLATE\X64\DEBUG\OPENCVTEMPLATE.EXE.EMBED.MANIFEST.RES
C:\USERS\CAFE\DOCUMENTS\VISUAL STUDIO 2010\PROJECTS\OPENCVTEMPLATE\OPENCVTEMPLATE\X64\DEBUG\OPENCVTEMPLATE.EXE.INTERMEDIATE.MANIFEST
C:\USERS\CAFE\DOCUMENTS\VISUAL STUDIO 2010\PROJECTS\OPENCVTEMPLATE\OPENCVTEMPLATE\X64\DEBUG\OPENCVTEMPLATE.OBJ
C:\USERS\CAFE\DOCUMENTS\VISUAL STUDIO 2010\PROJECTS\OPENCVTEMPLATE\OPENCVTEMPLATE\X64\DEBUG\OPENCVTEMPLATE.PCH
C:\Users\cafe\Documents\Visual Studio 2010\Projects\openCVTemplate\openCVTemplate\x64\Debug\openCVTemplate.write.1.tlog
C:\Users\cafe\Documents\Visual Studio 2010\Projects\openCVTemplate\openCVTemplate\x64\Debug\openCVTemplate_manifest.rc
C:\Users\cafe\Documents\Visual Studio 2010\Projects\openCVTemplate\openCVTemplate\x64\Debug\rc.command.1.tlog
C:\Users\cafe\Documents\Visual Studio 2010\Projects\openCVTemplate\openCVTemplate\x64\Debug\rc.read.1.tlog
C:\Users\cafe\Documents\Visual Studio 2010\Projects\openCVTemplate\openCVTemplate\x64\Debug\rc.write.1.tlog
C:\USERS\CAFE\DOCUMENTS\VISUAL STUDIO 2010\PROJECTS\OPENCVTEMPLATE\OPENCVTEMPLATE\X64\DEBUG\STDAFX.OBJ
C:\Users\cafe\Documents\Visual Studio 2010\Projects\openCVTemplate\openCVTemplate\x64\Debug\vc100.idb
C:\USERS\CAFE\DOCUMENTS\VISUAL STUDIO 2010\PROJECTS\OPENCVTEMPLATE\OPENCVTEMPLATE\X64\DEBUG\VC100.PDB
C:\USERS\CAFE\DOCUMENTS\VISUAL STUDIO 2010\PROJECTS\OPENCVTEMPLATE\X64\DEBUG\OPENCVTEMPLATE.EXE
C:\USERS\CAFE\DOCUMENTS\VISUAL STUDIO 2010\PROJECTS\OPENCVTEMPLATE\X64\DEBUG\OPENCVTEMPLATE.ILK
C:\USERS\CAFE\DOCUMENTS\VISUAL STUDIO 2010\PROJECTS\OPENCVTEMPLATE\X64\DEBUG\OPENCVTEMPLATE.PDB
