2016/06/09 3:44:45 にビルドを開始しました。
     1>ノード 2 上のプロジェクト "C:\Users\cafe\Documents\Visual Studio 2010\Projects\openCVTemplate\openCVTemplate\openCVTemplate.vcxproj" (rebuild ターゲット)。
     1>_PrepareForClean:
         ファイル "x64\Debug\openCVTemplate.lastbuildstate" を削除しています。
       InitializeBuildStatus:
         "AlwaysCreate" が指定されたため "x64\Debug\openCVTemplate.unsuccessfulbuild" を作成しています。
       ClCompile:
         C:\Program Files (x86)\Microsoft Visual Studio 10.0\VC\bin\x86_amd64\CL.exe /c /I"C:\Users\cafe\Documents\Visual Studio 2010\Projects\openCVTemplate\opencv\build\include" /Zi /nologo /W3 /WX- /Od /D WIN32 /D _DEBUG /D _CONSOLE /D _UNICODE /D UNICODE /Gm /EHsc /RTC1 /MDd /GS /fp:precise /Zc:wchar_t /Zc:forScope /Yc"StdAfx.h" /Fp"x64\Debug\openCVTemplate.pch" /Fo"x64\Debug\\" /Fd"x64\Debug\vc100.pdb" /Gd /TP /errorReport:prompt stdafx.cpp
         stdafx.cpp
         C:\Program Files (x86)\Microsoft Visual Studio 10.0\VC\bin\x86_amd64\CL.exe /c /I"C:\Users\cafe\Documents\Visual Studio 2010\Projects\openCVTemplate\opencv\build\include" /Zi /nologo /W3 /WX- /Od /D WIN32 /D _DEBUG /D _CONSOLE /D _UNICODE /D UNICODE /Gm /EHsc /RTC1 /MDd /GS /fp:precise /Zc:wchar_t /Zc:forScope /Yu"StdAfx.h" /Fp"x64\Debug\openCVTemplate.pch" /Fo"x64\Debug\\" /Fd"x64\Debug\vc100.pdb" /Gd /TP /errorReport:prompt openCVTemplate.cpp
         openCVTemplate.cpp
       ManifestResourceCompile:
         C:\Program Files (x86)\Microsoft SDKs\Windows\v7.0A\bin\rc.exe /nologo /fo"x64\Debug\openCVTemplate.exe.embed.manifest.res" x64\Debug\openCVTemplate_manifest.rc 
       Link:
         C:\Program Files (x86)\Microsoft Visual Studio 10.0\VC\bin\x86_amd64\link.exe /ERRORREPORT:PROMPT /OUT:"C:\Users\cafe\Documents\Visual Studio 2010\Projects\openCVTemplate\x64\Debug\openCVTemplate.exe" /INCREMENTAL /NOLOGO /LIBPATH:"C:\Users\cafe\Documents\Visual Studio 2010\Projects\openCVTemplate\opencv\build\x64\vc12\lib" /MANIFEST /ManifestFile:"x64\Debug\openCVTemplate.exe.intermediate.manifest" /MANIFESTUAC:"level='asInvoker' uiAccess='false'" /DEBUG /PDB:"C:\Users\cafe\Documents\Visual Studio 2010\Projects\openCVTemplate\x64\Debug\openCVTemplate.pdb" /SUBSYSTEM:CONSOLE /TLBID:1 /DYNAMICBASE /NXCOMPAT /IMPLIB:"C:\Users\cafe\Documents\Visual Studio 2010\Projects\openCVTemplate\x64\Debug\openCVTemplate.lib" /MACHINE:X64 x64\Debug\openCVTemplate.exe.embed.manifest.res
         x64\Debug\openCVTemplate.obj
         x64\Debug\stdafx.obj
         openCVTemplate.vcxproj -> C:\Users\cafe\Documents\Visual Studio 2010\Projects\openCVTemplate\x64\Debug\openCVTemplate.exe
       Manifest:
         ファイル "x64\Debug\openCVTemplate.exe.embed.manifest" を削除しています。
         C:\Program Files (x86)\Microsoft SDKs\Windows\v7.0A\bin\mt.exe /nologo /verbose /out:"x64\Debug\openCVTemplate.exe.embed.manifest" /manifest x64\Debug\openCVTemplate.exe.intermediate.manifest
         C:\Program Files (x86)\Microsoft SDKs\Windows\v7.0A\bin\rc.exe /nologo /fo"x64\Debug\openCVTemplate.exe.embed.manifest.res" x64\Debug\openCVTemplate_manifest.rc 
       LinkEmbedManifest:
         C:\Program Files (x86)\Microsoft Visual Studio 10.0\VC\bin\x86_amd64\link.exe /ERRORREPORT:PROMPT /OUT:"C:\Users\cafe\Documents\Visual Studio 2010\Projects\openCVTemplate\x64\Debug\openCVTemplate.exe" /INCREMENTAL /NOLOGO /LIBPATH:"C:\Users\cafe\Documents\Visual Studio 2010\Projects\openCVTemplate\opencv\build\x64\vc12\lib" /MANIFEST /ManifestFile:"x64\Debug\openCVTemplate.exe.intermediate.manifest" /MANIFESTUAC:"level='asInvoker' uiAccess='false'" /DEBUG /PDB:"C:\Users\cafe\Documents\Visual Studio 2010\Projects\openCVTemplate\x64\Debug\openCVTemplate.pdb" /SUBSYSTEM:CONSOLE /TLBID:1 /DYNAMICBASE /NXCOMPAT /IMPLIB:"C:\Users\cafe\Documents\Visual Studio 2010\Projects\openCVTemplate\x64\Debug\openCVTemplate.lib" /MACHINE:X64 x64\Debug\openCVTemplate.exe.embed.manifest.res
         x64\Debug\openCVTemplate.obj
         x64\Debug\stdafx.obj
         openCVTemplate.vcxproj -> C:\Users\cafe\Documents\Visual Studio 2010\Projects\openCVTemplate\x64\Debug\openCVTemplate.exe
       FinalizeBuildStatus:
         ファイル "x64\Debug\openCVTemplate.unsuccessfulbuild" を削除しています。
         "x64\Debug\openCVTemplate.lastbuildstate" のタッチ タスクを実行しています。
     1>プロジェクト "C:\Users\cafe\Documents\Visual Studio 2010\Projects\openCVTemplate\openCVTemplate\openCVTemplate.vcxproj" (rebuild ターゲット) のビルドが完了しました。

ビルドに成功しました。

経過時間 00:00:01.51
